  App.cpp
F:\Program Files (x86)\Microsoft Visual Studio\2019\Community\VC\Tools\MSVC\14.26.28801\include\xstddef(127,22): error C2676: 二进制“<”:“const _Ty”不定义该运算符或到预定义运算符可接收的类型的转换
          with
          [
              _Ty=vivi::geo::GeoPoint
          ]
F:\Program Files (x86)\Microsoft Visual Studio\2019\Community\VC\Tools\MSVC\14.26.28801\include\xstddef(126): message : 在编译 类 模板 成员函数“bool std::less<vivi::geo::GeoPoint>::operator ()(const _Ty &,const _Ty &) const”时
          with
          [
              _Ty=vivi::geo::GeoPoint
          ]
F:\Program Files (x86)\Microsoft Visual Studio\2019\Community\VC\Tools\MSVC\14.26.28801\include\xutility(1518): message : 查看对正在编译的函数 模板 实例化“bool std::less<vivi::geo::GeoPoint>::operator ()(const _Ty &,const _Ty &) const”的引用
          with
          [
              _Ty=vivi::geo::GeoPoint
          ]
F:\Program Files (x86)\Microsoft Visual Studio\2019\Community\VC\Tools\MSVC\14.26.28801\include\xmemory(1318): message : 查看对正在编译的 类 模板 实例化“std::less<vivi::geo::GeoPoint>”的引用
F:\Program Files (x86)\Microsoft Visual Studio\2019\Community\VC\Tools\MSVC\14.26.28801\include\xmemory(1318): message : 查看指向正在编译的变量模板“const bool is_empty_v<std::less<vivi::geo::GeoPoint> >”的引用
F:\Program Files (x86)\Microsoft Visual Studio\2019\Community\VC\Tools\MSVC\14.26.28801\include\map(75): message : 查看对正在编译的 类 模板 实例化“std::_Tree<std::_Tmap_traits<_Kty,_Ty,_Pr,_Alloc,false>>”的引用
          with
          [
              _Kty=vivi::geo::GeoPoint,
              _Ty=int,
              _Pr=std::less<vivi::geo::GeoPoint>,
              _Alloc=std::allocator<std::pair<const vivi::geo::GeoPoint,int>>
          ]
C:\Users\YY\source\repos\vivi\App.cpp(21): message : 查看对正在编译的 类 模板 实例化“std::map<vivi::geo::GeoPoint,int,std::less<vivi::geo::GeoPoint>,std::allocator<std::pair<const vivi::geo::GeoPoint,int>>>”的引用
